<?xml version="1.0" encoding="UTF-8"?>
<!-- Generated by org.testng.reporters.JUnitReportReporter -->
<testsuite skipped="0" hostname="RAGHAVENDRA" name="reports.Demo1" tests="3" failures="0" timestamp="10 Jan 2020 07:39:09 GMT" time="7.579" errors="0">
  <testcase name="testD" time="1.216" classname="reports.Demo1"/>
  <testcase name="testF" time="3.705" classname="reports.Demo1"/>
  <testcase name="testE" time="2.658" classname="reports.Demo1"/>
</testsuite> <!-- reports.Demo1 -->
