<?xml version="1.0" encoding="UTF-8"?>
<!-- Generated by org.testng.reporters.JUnitReportReporter -->
<testsuite skipped="0" hostname="RAGHAVENDRA" name="beta.Demo1" tests="1" failures="0" timestamp="08 Jan 2020 11:47:37 GMT" time="0.005" errors="0">
  <testcase name="testA" time="0.005" classname="beta.Demo1"/>
</testsuite> <!-- beta.Demo1 -->
