<?xml version="1.0" encoding="UTF-8"?>
<!-- Generated by org.testng.reporters.JUnitReportReporter -->
<testsuite skipped="0" hostname="RAGHAVENDRA" name="com.tests.Demo" tests="2" failures="0" timestamp="07 Jan 2020 13:20:59 GMT" time="23.571" errors="0">
  <testcase name="testA" time="11.234" classname="com.tests.Demo"/>
  <testcase name="testB" time="12.337" classname="com.tests.Demo"/>
</testsuite> <!-- com.tests.Demo -->
