<?xml version="1.0" encoding="UTF-8"?>
<!-- Generated by org.testng.reporters.JUnitReportReporter -->
<testsuite skipped="0" hostname="RAGHAVENDRA" name="com.tests.Demo1" tests="1" failures="0" timestamp="08 Jan 2020 10:48:59 GMT" time="0.015" errors="0">
  <testcase name="testA" time="0.015" classname="com.tests.Demo1"/>
</testsuite> <!-- com.tests.Demo1 -->
