<?xml version="1.0" encoding="UTF-8"?>
<!-- Generated by org.testng.reporters.JUnitReportReporter -->
<testsuite skipped="0" hostname="RAGHAVENDRA" name="demo.Demo" tests="2" failures="0" timestamp="13 Jan 2020 13:18:10 GMT" time="22.373" errors="0">
  <testcase name="veriftTitle" time="11.295" classname="demo.Demo"/>
  <testcase name="verifyElement" time="11.078" classname="demo.Demo"/>
</testsuite> <!-- demo.Demo -->
